<?xml version="1.0" encoding="UTF-8"?>
<testng-results skipped="0" failed="0" ignored="0" total="2" passed="2">
  <reporter-output>
  </reporter-output>
  <suite name="Default suite" duration-ms="5229" started-at="2020-02-15T06:29:32Z" finished-at="2020-02-15T06:29:37Z">
    <groups>
    </groups>
    <test name="Default test" duration-ms="5229" started-at="2020-02-15T06:29:32Z" finished-at="2020-02-15T06:29:37Z">
      <class name="Test.BasicOfRestAssured">
        <test-method status="PASS" signature="TestF1()[pri:0, instance:Test.BasicOfRestAssured@16c48ac]" name="TestF1" duration-ms="3792" started-at="2020-02-14T22:29:32Z" finished-at="2020-02-14T22:29:36Z">
          <reporter-output>
          </reporter-output>
        </test-method> <!-- TestF1 -->
        <test-method status="PASS" signature="TestGoogle()[pri:0, instance:Test.BasicOfRestAssured@16c48ac]" name="TestGoogle" duration-ms="1404" started-at="2020-02-14T22:29:36Z" finished-at="2020-02-14T22:29:37Z">
          <reporter-output>
          </reporter-output>
        </test-method> <!-- TestGoogle -->
      </class> <!-- Test.BasicOfRestAssured -->
    </test> <!-- Default test -->
  </suite> <!-- Default suite -->
</testng-results>
